<?xml version="1.0" encoding="UTF-8"?>
<!-- Generated by org.testng.reporters.JUnitXMLReporter -->
<testsuite ignored="0" hostname="LAPTOP-GVV5IHKD" failures="1" tests="1" name="Test" time="8.52" errors="0" timestamp="2024-06-09T16:07:36 CDT">
  <testcase classname="YamunaPractice.Tests.TestClass1" name="testcase1" time="0.015">
    <failure type="java.lang.AssertionError" message="expected [true] but found [false]">
      <![CDATA[java.lang.AssertionError: expected [true] but found [false]
at YamunaPractice.Tests.TestClass1.testcase1(TestClass1.java:16)
at java.base/java.util.ArrayList.forEach(ArrayList.java:1511)
... Removed 31 stack frames]]>
    </failure>
  </testcase> <!-- testcase1 -->
</testsuite> <!-- Test -->
